[2.156s] DEBUG:colcon:Command line arguments: ['/usr/bin/colcon', 'list', '-p', '--base-paths', '/home/sarah/Documents/ME_499_spring/ws/src/repository']
[2.156s] DEBUG:colcon:Parsed command line arguments: Namespace(base_paths=['/home/sarah/Documents/ME_499_spring/ws/src/repository'], build_base='build', ignore_user_meta=False, log_base=None, log_level=None, main=<bound method ListVerb.main of <colcon_package_information.verb.list.ListVerb object at 0x7f8d490609d0>>, metas=['./colcon.meta'], names_only=False, packages_above=None, packages_above_and_dependencies=None, packages_above_depth=None, packages_end=None, packages_ignore=None, packages_ignore_regex=None, packages_select=None, packages_select_build_failed=False, packages_select_by_dep=None, packages_select_regex=None, packages_select_test_failures=False, packages_skip=None, packages_skip_build_finished=False, packages_skip_by_dep=None, packages_skip_regex=None, packages_skip_test_passed=False, packages_skip_up_to=None, packages_start=None, packages_up_to=None, packages_up_to_regex=None, paths=None, paths_only=True, topological_graph=False, topological_graph_density=False, topological_graph_dot=False, topological_graph_dot_cluster=False, topological_graph_dot_include_skipped=False, topological_graph_legend=False, topological_order=False, verb_extension=<colcon_package_information.verb.list.ListVerb object at 0x7f8d490609d0>, verb_name='list', verb_parser=<colcon_defaults.argument_parser.defaults.DefaultArgumentsDecorator object at 0x7f8d48f41910>)
[2.319s] Level 1:colcon.colcon_core.package_discovery:discover_packages(colcon_meta) check parameters
[2.320s] Level 1:colcon.colcon_core.package_discovery:discover_packages(recursive) check parameters
[2.320s] Level 1:colcon.colcon_core.package_discovery:discover_packages(ignore) check parameters
[2.321s] Level 1:colcon.colcon_core.package_discovery:discover_packages(path) check parameters
[2.321s] Level 1:colcon.colcon_core.package_discovery:discover_packages(recursive) discover
[2.323s] INFO:colcon.colcon_core.package_discovery:Crawling recursively for packages in '/home/sarah/Documents/ME_499_spring/ws/src/repository'
[2.324s] Level 1:colcon.colcon_core.package_identification:_identify(/home/sarah/Documents/ME_499_spring/ws/src/repository) by extensions ['ignore', 'ignore_ament_install']
[2.326s] Level 1:colcon.colcon_core.package_identification:_identify(/home/sarah/Documents/ME_499_spring/ws/src/repository) by extension 'ignore'
[2.328s] Level 1:colcon.colcon_core.package_identification:_identify(/home/sarah/Documents/ME_499_spring/ws/src/repository) by extension 'ignore_ament_install'
[2.329s] Level 1:colcon.colcon_core.package_identification:_identify(/home/sarah/Documents/ME_499_spring/ws/src/repository) by extensions ['colcon_pkg']
[2.330s] Level 1:colcon.colcon_core.package_identification:_identify(/home/sarah/Documents/ME_499_spring/ws/src/repository) by extension 'colcon_pkg'
[2.331s] Level 1:colcon.colcon_core.package_identification:_identify(/home/sarah/Documents/ME_499_spring/ws/src/repository) by extensions ['colcon_meta']
[2.331s] Level 1:colcon.colcon_core.package_identification:_identify(/home/sarah/Documents/ME_499_spring/ws/src/repository) by extension 'colcon_meta'
[2.332s] Level 1:colcon.colcon_core.package_identification:_identify(/home/sarah/Documents/ME_499_spring/ws/src/repository) by extensions ['ros']
[2.332s] Level 1:colcon.colcon_core.package_identification:_identify(/home/sarah/Documents/ME_499_spring/ws/src/repository) by extension 'ros'
[2.423s] Level 1:colcon.colcon_core.package_identification:_identify(/home/sarah/Documents/ME_499_spring/ws/src/repository) by extensions ['cmake', 'python']
[2.423s] Level 1:colcon.colcon_core.package_identification:_identify(/home/sarah/Documents/ME_499_spring/ws/src/repository) by extension 'cmake'
[2.424s] Level 1:colcon.colcon_core.package_identification:_identify(/home/sarah/Documents/ME_499_spring/ws/src/repository) by extension 'python'
[2.425s] Level 1:colcon.colcon_core.package_identification:_identify(/home/sarah/Documents/ME_499_spring/ws/src/repository) by extensions ['python_setup_py']
[2.426s] Level 1:colcon.colcon_core.package_identification:_identify(/home/sarah/Documents/ME_499_spring/ws/src/repository) by extension 'python_setup_py'
[2.428s] Level 1:colcon.colcon_core.package_identification:_identify(/home/sarah/Documents/ME_499_spring/ws/src/repository/log) by extensions ['ignore', 'ignore_ament_install']
[2.430s] Level 1:colcon.colcon_core.package_identification:_identify(/home/sarah/Documents/ME_499_spring/ws/src/repository/log) by extension 'ignore'
[2.431s] Level 1:colcon.colcon_core.package_identification:_identify(/home/sarah/Documents/ME_499_spring/ws/src/repository/log) ignored
[2.432s] Level 1:colcon.colcon_core.package_identification:_identify(/home/sarah/Documents/ME_499_spring/ws/src/repository/trect) by extensions ['ignore', 'ignore_ament_install']
[2.433s] Level 1:colcon.colcon_core.package_identification:_identify(/home/sarah/Documents/ME_499_spring/ws/src/repository/trect) by extension 'ignore'
[2.434s] Level 1:colcon.colcon_core.package_identification:_identify(/home/sarah/Documents/ME_499_spring/ws/src/repository/trect) by extension 'ignore_ament_install'
[2.435s] Level 1:colcon.colcon_core.package_identification:_identify(/home/sarah/Documents/ME_499_spring/ws/src/repository/trect) by extensions ['colcon_pkg']
[2.435s] Level 1:colcon.colcon_core.package_identification:_identify(/home/sarah/Documents/ME_499_spring/ws/src/repository/trect) by extension 'colcon_pkg'
[2.435s] Level 1:colcon.colcon_core.package_identification:_identify(/home/sarah/Documents/ME_499_spring/ws/src/repository/trect) by extensions ['colcon_meta']
[2.436s] Level 1:colcon.colcon_core.package_identification:_identify(/home/sarah/Documents/ME_499_spring/ws/src/repository/trect) by extension 'colcon_meta'
[2.437s] Level 1:colcon.colcon_core.package_identification:_identify(/home/sarah/Documents/ME_499_spring/ws/src/repository/trect) by extensions ['ros']
[2.437s] Level 1:colcon.colcon_core.package_identification:_identify(/home/sarah/Documents/ME_499_spring/ws/src/repository/trect) by extension 'ros'
[2.452s] DEBUG:colcon.colcon_core.package_identification:Package '/home/sarah/Documents/ME_499_spring/ws/src/repository/trect' with type 'ros.ament_cmake' and name 'trect'
[2.452s] Level 1:colcon.colcon_core.package_discovery:discover_packages(recursive) using defaults
